# JRE version: OpenJDK Runtime Environment (15.0.2+7) (build 15.0.2+7-27)
# Java VM: OpenJDK 64-Bit Server VM (15.0.2+7-27, mixed mode, tiered, compressed oops, g1 gc, windows-amd64)
GC Precious Log:
 CPUs: 4 total, 4 available
 Memory: 8071M
 Large Page Support: Disabled
 NUMA Support: Disabled
 Compressed Oops: Enabled (32-bit)
 Heap Region Size: 1M
 Heap Min Capacity: 8M
 Heap Initial Capacity: 128M
 Heap Max Capacity: 2018M
 Pre-touch: Disabled
 Parallel Workers: 4
 Concurrent Workers: 1
 Concurrent Refinement Workers: 4
 Periodic GC: Disabled
Heap:
 garbage-first heap   total 49152K, used 30453K [0x0000000081e00000, 0x0000000100000000)
  region size 1024K, 9 young (9216K), 2 survivors (2048K)
 Metaspace       used 34150K, capacity 34526K, committed 34556K, reserved 1079296K
  class space    used 3795K, capacity 3897K, committed 3916K, reserved 1048576K
GC Heap History (14 events):
Event: 0.523 GC heap before
{Heap before GC invocations=0 (full 0):
 garbage-first heap   total 131072K, used 12288K [0x0000000081e00000, 0x0000000100000000)
  region size 1024K, 13 young (13312K), 0 survivors (0K)
 Metaspace       used 7674K, capacity 7830K, committed 7936K, reserved 1056768K
  class space    used 647K, capacity 692K, committed 768K, reserved 1048576K
}
Event: 0.526 GC heap after
{Heap after GC invocations=1 (full 0):
 garbage-first heap   total 131072K, used 4394K [0x0000000081e00000, 0x0000000100000000)
  region size 1024K, 2 young (2048K), 2 survivors (2048K)
 Metaspace       used 7674K, capacity 7830K, committed 7936K, reserved 1056768K
  class space    used 647K, capacity 692K, committed 768K, reserved 1048576K
}
Event: 1.218 GC heap before
{Heap before GC invocations=1 (full 0):
 garbage-first heap   total 131072K, used 17706K [0x0000000081e00000, 0x0000000100000000)
  region size 1024K, 15 young (15360K), 2 survivors (2048K)
 Metaspace       used 15073K, capacity 15322K, committed 15488K, reserved 1062912K
  class space    used 1472K, capacity 1561K, committed 1664K, reserved 1048576K
}
Event: 1.222 GC heap after
{Heap after GC invocations=2 (full 0):
 garbage-first heap   total 131072K, used 5955K [0x0000000081e00000, 0x0000000100000000)
  region size 1024K, 2 young (2048K), 2 survivors (2048K)
 Metaspace       used 15073K, capacity 15322K, committed 15488K, reserved 1062912K
  class space    used 1472K, capacity 1561K, committed 1664K, reserved 1048576K
}
Event: 1.972 GC heap before
{Heap before GC invocations=2 (full 0):
 garbage-first heap   total 131072K, used 29507K [0x0000000081e00000, 0x0000000100000000)
  region size 1024K, 26 young (26624K), 2 survivors (2048K)
 Metaspace       used 20646K, capacity 20928K, committed 21120K, reserved 1069056K
  class space    used 2039K, capacity 2164K, committed 2176K, reserved 1048576K
}
Event: 1.980 GC heap after
{Heap after GC invocations=3 (full 0):
 garbage-first heap   total 131072K, used 9687K [0x0000000081e00000, 0x0000000100000000)
  region size 1024K, 4 young (4096K), 4 survivors (4096K)
 Metaspace       used 20646K, capacity 20928K, committed 21120K, reserved 1069056K
  class space    used 2039K, capacity 2164K, committed 2176K, reserved 1048576K
}
Event: 2.068 GC heap before
{Heap before GC invocations=3 (full 0):
 garbage-first heap   total 131072K, used 15831K [0x0000000081e00000, 0x0000000100000000)
  region size 1024K, 11 young (11264K), 4 survivors (4096K)
 Metaspace       used 20918K, capacity 21184K, committed 21296K, reserved 1069056K
  class space    used 2059K, capacity 2164K, committed 2176K, reserved 1048576K
}
Event: 2.074 GC heap after
{Heap after GC invocations=4 (full 0):
 garbage-first heap   total 131072K, used 10503K [0x0000000081e00000, 0x0000000100000000)
  region size 1024K, 5 young (5120K), 5 survivors (5120K)
 Metaspace       used 20918K, capacity 21184K, committed 21296K, reserved 1069056K
  class space    used 2059K, capacity 2164K, committed 2176K, reserved 1048576K
}
Event: 2.790 GC heap before
{Heap before GC invocations=5 (full 0):
 garbage-first heap   total 40960K, used 29959K [0x0000000081e00000, 0x0000000100000000)
  region size 1024K, 24 young (24576K), 5 survivors (5120K)
 Metaspace       used 27474K, capacity 27796K, committed 28028K, reserved 1075200K
  class space    used 2899K, capacity 3002K, committed 3020K, reserved 1048576K
}
Event: 2.799 GC heap after
{Heap after GC invocations=6 (full 0):
 garbage-first heap   total 40960K, used 12329K [0x0000000081e00000, 0x0000000100000000)
  region size 1024K, 3 young (3072K), 3 survivors (3072K)
 Metaspace       used 27474K, capacity 27796K, committed 28028K, reserved 1075200K
  class space    used 2899K, capacity 3002K, committed 3020K, reserved 1048576K
}
Event: 5.391 GC heap before
{Heap before GC invocations=6 (full 0):
 garbage-first heap   total 40960K, used 31785K [0x0000000081e00000, 0x0000000100000000)
  region size 1024K, 18 young (18432K), 3 survivors (3072K)
 Metaspace       used 31494K, capacity 31835K, committed 31996K, reserved 1077248K
  class space    used 3446K, capacity 3559K, committed 3660K, reserved 1048576K
}
Event: 5.397 GC heap after
{Heap after GC invocations=7 (full 0):
 garbage-first heap   total 49152K, used 18297K [0x0000000081e00000, 0x0000000100000000)
  region size 1024K, 2 young (2048K), 2 survivors (2048K)
 Metaspace       used 31494K, capacity 31835K, committed 31996K, reserved 1077248K
  class space    used 3446K, capacity 3559K, committed 3660K, reserved 1048576K
}
Event: 13.528 GC heap before
{Heap before GC invocations=7 (full 0):
 garbage-first heap   total 49152K, used 30585K [0x0000000081e00000, 0x0000000100000000)
  region size 1024K, 15 young (15360K), 2 survivors (2048K)
 Metaspace       used 33697K, capacity 34058K, committed 34300K, reserved 1079296K
  class space    used 3722K, capacity 3850K, committed 3916K, reserved 1048576K
}
Event: 13.536 GC heap after
{Heap after GC invocations=8 (full 0):
 garbage-first heap   total 49152K, used 19189K [0x0000000081e00000, 0x0000000100000000)
  region size 1024K, 2 young (2048K), 2 survivors (2048K)
 Metaspace       used 33697K, capacity 34058K, committed 34300K, reserved 1079296K
  class space    used 3722K, capacity 3850K, committed 3916K, reserved 1048576K
}

