<?xml version="1.0" encoding="UTF-8"?>
<!-- Generated by org.testng.reporters.JUnitXMLReporter -->
<testsuite ignored="0" hostname="DilipK-X1" failures="0" tests="3" name="Default test" time="34.271" errors="0" timestamp="2023-04-11T21:45:41 IST">
  <testcase classname="testCases.Search_Google_Page" name="enterText" time="6.873"/>
  <testcase classname="testCases.Search_Google_Page" name="accessFacebook" time="6.225"/>
  <testcase classname="testCases.Search_Google_Page" name="loginfacebookPage" time="15.575"/>
</testsuite> <!-- Default test -->
