<?xml version="1.0" encoding="UTF-8"?>
<testng-results ignored="0" total="3" passed="3" failed="0" skipped="0">
  <reporter-output>
  </reporter-output>
  <suite started-at="2023-04-11T21:45:06 IST" name="Default suite" finished-at="2023-04-11T21:45:40 IST" duration-ms="34271">
    <groups>
    </groups>
    <test started-at="2023-04-11T21:45:06 IST" name="Default test" finished-at="2023-04-11T21:45:40 IST" duration-ms="34271">
      <class name="testCases.Search_Google_Page">
        <test-method is-config="true" signature="beforeTest()[pri:0, instance:testCases.Search_Google_Page@5b1669c0]" started-at="2023-04-11T21:45:06 IST" name="beforeTest" finished-at="2023-04-11T21:45:12 IST" duration-ms="5527" status="PASS">
          <reporter-output>
          </reporter-output>
        </test-method> <!-- beforeTest -->
        <test-method signature="enterText()[pri:0, instance:testCases.Search_Google_Page@5b1669c0]" started-at="2023-04-11T21:45:12 IST" name="enterText" finished-at="2023-04-11T21:45:19 IST" duration-ms="6873" status="PASS">
          <reporter-output>
          </reporter-output>
        </test-method> <!-- enterText -->
        <test-method signature="accessFacebook()[pri:1, instance:testCases.Search_Google_Page@5b1669c0]" started-at="2023-04-11T21:45:19 IST" name="accessFacebook" finished-at="2023-04-11T21:45:25 IST" duration-ms="6225" status="PASS">
          <reporter-output>
          </reporter-output>
        </test-method> <!-- accessFacebook -->
        <test-method signature="loginfacebookPage()[pri:2, instance:testCases.Search_Google_Page@5b1669c0]" started-at="2023-04-11T21:45:25 IST" name="loginfacebookPage" finished-at="2023-04-11T21:45:40 IST" duration-ms="15575" status="PASS">
          <reporter-output>
          </reporter-output>
        </test-method> <!-- loginfacebookPage -->
        <test-method is-config="true" signature="afterTest()[pri:0, instance:testCases.Search_Google_Page@5b1669c0]" started-at="2023-04-11T21:45:40 IST" name="afterTest" finished-at="2023-04-11T21:45:40 IST" duration-ms="0" status="PASS">
          <reporter-output>
          </reporter-output>
        </test-method> <!-- afterTest -->
      </class> <!-- testCases.Search_Google_Page -->
    </test> <!-- Default test -->
  </suite> <!-- Default suite -->
</testng-results>
